cl : Command line warning D9025: overriding '/sdl-' with '/GS-'
cl : Command line warning D9025: overriding '/sdl-' with '/GS-'
  Config.cpp
cl : Command line warning D9025: overriding '/sdl-' with '/GS-'
  aiminfo.cpp
  animfix.cpp
  antiaim.cpp
  autowall.cpp
  bullettracers.cpp
  codmarker.cpp
  events.cpp
  grenadepred.cpp
  lagcomp.cpp
  legitbot.cpp
  misc.cpp
  predictionsystem.cpp
  resolver.cpp
  Skinchanger.cpp
  globals.cpp
  aspectratiohook.cpp
  createmove.cpp
  drawmodelexecute.cpp
  endscene.cpp
  extraboneprocessing.cpp
  firebullethook.cpp
  framestage.cpp
  ishltv.cpp
  is_playing_demo.cpp
  ListLeavesInBox.cpp
  lockcursor.cpp
  overrideview.cpp
  painttraverse.cpp
  postscreeneffects.cpp
  SetupBones.cpp
  svcheatsbool.cpp
  tempentities.cpp
  writedeltatobuffer.cpp
  imgui_impl_dx9.cpp
  imgui.cpp
  imgui_draw.cpp
  menu.cpp
  ragebot.cpp
  visuals.cpp
  input.cpp
  math.cpp
  utils.cpp
  vfunc_hook.cpp
  hooks.cpp
  main.cpp
  ui.cpp
  csgostructs.cpp
  IEngineTrace.cpp
  mem.cpp
  sdk.cpp
  Vector2D.cpp
  Vector4D.cpp
  VMatrix.cpp
  characterset.cpp
  checksum_crc.cpp
  checksum_md5.cpp
  Color.cpp
  Convar.cpp
  UtlBuffer.cpp
  UtlString.cpp
  netvars.cpp
     Creating library C:\Users\123\Desktop\test\cooperware\bin\cheat.lib and object C:\Users\123\Desktop\test\cooperware\bin\cheat.exp
  Generating code
  All 4596 functions were compiled because no usable IPDB/IOBJ from previous compilation was found.
  Finished generating code
  Tweex-csgo.vcxproj -> C:\Users\123\Desktop\test\cooperware\bin\cheat.dll
